<?xml version="1.0" encoding="UTF-8"?>
<!-- Generated by org.testng.reporters.JUnitReportReporter -->
<testsuite skipped="0" hostname="CHVE-LPT-031" name="com.sample.testProject.AppTest" tests="1" failures="0" timestamp="23 aoÃ»t 2017 07:43:59 GMT" time="0.013" errors="0">
  <testcase name="f" time="0.013" classname="com.sample.testProject.AppTest"/>
</testsuite> <!-- com.sample.testProject.AppTest -->
